<?xml version="1.0" encoding="UTF-8"?>
<testng-results ignored="0" total="1" passed="1" failed="0" skipped="0">
  <reporter-output>
  </reporter-output>
  <suite started-at="2020-07-28T10:04:12 AEST" name="SeleniumGridDocker" finished-at="2020-07-28T10:04:19 AEST" duration-ms="6140">
    <groups>
    </groups>
    <test started-at="2020-07-28T10:04:12 AEST" name="Chrome Test" finished-at="2020-07-28T10:04:19 AEST" duration-ms="6140">
      <class name="login.LoginTests">
        <test-method is-config="true" signature="initiateDriver(java.lang.String)[pri:0, instance:login.LoginTests@140e5a13]" started-at="2020-07-28T10:04:12 AEST" name="initiateDriver" finished-at="2020-07-28T10:04:16 AEST" duration-ms="4010" status="PASS">
          <params>
            <param index="0">
              <value>
                <![CDATA[9001]]>
              </value>
            </param>
          </params>
          <reporter-output>
          </reporter-output>
        </test-method> <!-- initiateDriver -->
        <test-method signature="testSuccessfulLogin()[pri:0, instance:login.LoginTests@140e5a13]" started-at="2020-07-28T10:04:16 AEST" name="testSuccessfulLogin" finished-at="2020-07-28T10:04:18 AEST" duration-ms="2039" status="PASS">
          <reporter-output>
          </reporter-output>
        </test-method> <!-- testSuccessfulLogin -->
        <test-method is-config="true" signature="tearDown()[pri:0, instance:login.LoginTests@140e5a13]" started-at="2020-07-28T10:04:18 AEST" name="tearDown" finished-at="2020-07-28T10:04:19 AEST" duration-ms="73" status="PASS">
          <reporter-output>
          </reporter-output>
        </test-method> <!-- tearDown -->
      </class> <!-- login.LoginTests -->
    </test> <!-- Chrome Test -->
  </suite> <!-- SeleniumGridDocker -->
</testng-results>
