<?xml version="1.0" encoding="UTF-8"?>
<testng-results ignored="0" total="4" passed="3" failed="1" skipped="0">
  <reporter-output>
  </reporter-output>
  <suite started-at="2020-07-27T16:24:22 AEST" name="SeleniumGridDocker" finished-at="2020-07-27T16:25:25 AEST" duration-ms="63271">
    <groups>
    </groups>
    <test started-at="2020-07-27T16:24:22 AEST" name="Chrome Test" finished-at="2020-07-27T16:24:44 AEST" duration-ms="22238">
      <class name="TestClass">
        <test-method is-config="true" signature="initiateDriver(java.lang.String)[pri:0, instance:TestClass@3439f68d]" started-at="2020-07-27T16:24:22 AEST" name="initiateDriver" finished-at="2020-07-27T16:24:26 AEST" duration-ms="3618" status="PASS">
          <params>
            <param index="0">
              <value>
                <![CDATA[9001]]>
              </value>
            </param>
          </params>
          <reporter-output>
          </reporter-output>
        </test-method> <!-- initiateDriver -->
        <test-method signature="Test1(java.lang.String)[pri:0, instance:TestClass@3439f68d]" started-at="2020-07-27T16:24:26 AEST" name="Test1" finished-at="2020-07-27T16:24:38 AEST" duration-ms="12240" status="PASS">
          <params>
            <param index="0">
              <value>
                <![CDATA[chrome]]>
              </value>
            </param>
          </params>
          <reporter-output>
          </reporter-output>
        </test-method> <!-- Test1 -->
        <test-method signature="Test2(java.lang.String)[pri:0, instance:TestClass@3439f68d]" started-at="2020-07-27T16:24:38 AEST" name="Test2" finished-at="2020-07-27T16:24:44 AEST" duration-ms="6203" status="FAIL">
          <params>
            <param index="0">
              <value>
                <![CDATA[chrome]]>
              </value>
            </param>
          </params>
          <exception class="java.lang.IndexOutOfBoundsException">
            <message>
              <![CDATA[Index 0 out of bounds for length 0]]>
            </message>
            <full-stacktrace>
              <![CDATA[java.lang.IndexOutOfBoundsException: Index 0 out of bounds for length 0
at java.base/jdk.internal.util.Preconditions.outOfBounds(Preconditions.java:64)
at java.base/jdk.internal.util.Preconditions.outOfBoundsCheckIndex(Preconditions.java:70)
at java.base/jdk.internal.util.Preconditions.checkIndex(Preconditions.java:248)
at java.base/java.util.Objects.checkIndex(Objects.java:373)
at java.base/java.util.ArrayList.get(ArrayList.java:425)
at java.base/jdk.internal.reflect.NativeMethodAccessorImpl.invoke0(Native Method)
at java.base/jdk.internal.reflect.NativeMethodAccessorImpl.invoke(NativeMethodAccessorImpl.java:62)
at java.base/jdk.internal.reflect.DelegatingMethodAccessorImpl.invoke(DelegatingMethodAccessorImpl.java:43)
at java.base/java.lang.reflect.Method.invoke(Method.java:567)
at org.openqa.selenium.support.pagefactory.internal.LocatingElementListHandler.invoke(LocatingElementListHandler.java:39)
at com.sun.proxy.$Proxy11.get(Unknown Source)
at PageClass.getSearchedItem(PageClass.java:34)
at TestClass.Test2(TestClass.java:53)
at java.base/jdk.internal.reflect.NativeMethodAccessorImpl.invoke0(Native Method)
at java.base/jdk.internal.reflect.NativeMethodAccessorImpl.invoke(NativeMethodAccessorImpl.java:62)
at java.base/jdk.internal.reflect.DelegatingMethodAccessorImpl.invoke(DelegatingMethodAccessorImpl.java:43)
at java.base/java.lang.reflect.Method.invoke(Method.java:567)
at org.testng.internal.MethodInvocationHelper.invokeMethod(MethodInvocationHelper.java:133)
at org.testng.internal.TestInvoker.invokeMethod(TestInvoker.java:584)
at org.testng.internal.TestInvoker.invokeTestMethod(TestInvoker.java:172)
at org.testng.internal.MethodRunner.runInSequence(MethodRunner.java:46)
at org.testng.internal.TestInvoker$MethodInvocationAgent.invoke(TestInvoker.java:804)
at org.testng.internal.TestInvoker.invokeTestMethods(TestInvoker.java:145)
at org.testng.internal.TestMethodWorker.invokeTestMethods(TestMethodWorker.java:146)
at org.testng.internal.TestMethodWorker.run(TestMethodWorker.java:128)
at java.base/java.util.ArrayList.forEach(ArrayList.java:1507)
at org.testng.TestRunner.privateRun(TestRunner.java:770)
at org.testng.TestRunner.run(TestRunner.java:591)
at org.testng.SuiteRunner.runTest(SuiteRunner.java:402)
at org.testng.SuiteRunner.access$000(SuiteRunner.java:41)
at org.testng.SuiteRunner$SuiteWorker.run(SuiteRunner.java:443)
at org.testng.internal.thread.ThreadUtil.lambda$execute$0(ThreadUtil.java:67)
at java.base/java.util.concurrent.FutureTask.run(FutureTask.java:264)
at java.base/java.util.concurrent.ThreadPoolExecutor.runWorker(ThreadPoolExecutor.java:1128)
at java.base/java.util.concurrent.ThreadPoolExecutor$Worker.run(ThreadPoolExecutor.java:628)
at java.base/java.lang.Thread.run(Thread.java:830)
]]>
            </full-stacktrace>
          </exception> <!-- java.lang.IndexOutOfBoundsException -->
          <reporter-output>
          </reporter-output>
        </test-method> <!-- Test2 -->
        <test-method is-config="true" signature="quitDriver()[pri:0, instance:TestClass@3439f68d]" started-at="2020-07-27T16:24:44 AEST" name="quitDriver" finished-at="2020-07-27T16:24:44 AEST" duration-ms="100" status="PASS">
          <reporter-output>
          </reporter-output>
        </test-method> <!-- quitDriver -->
      </class> <!-- TestClass -->
    </test> <!-- Chrome Test -->
    <test started-at="2020-07-27T16:24:22 AEST" name="Firefox Test" finished-at="2020-07-27T16:25:25 AEST" duration-ms="63271">
      <class name="TestClass">
        <test-method is-config="true" signature="initiateDriver(java.lang.String)[pri:0, instance:TestClass@49c43f4e]" started-at="2020-07-27T16:24:22 AEST" name="initiateDriver" finished-at="2020-07-27T16:24:30 AEST" duration-ms="7715" status="PASS">
          <params>
            <param index="0">
              <value>
                <![CDATA[9002]]>
              </value>
            </param>
          </params>
          <reporter-output>
          </reporter-output>
        </test-method> <!-- initiateDriver -->
        <test-method signature="Test1(java.lang.String)[pri:0, instance:TestClass@49c43f4e]" started-at="2020-07-27T16:24:30 AEST" name="Test1" finished-at="2020-07-27T16:24:38 AEST" duration-ms="8506" status="PASS">
          <params>
            <param index="0">
              <value>
                <![CDATA[firefox]]>
              </value>
            </param>
          </params>
          <reporter-output>
          </reporter-output>
        </test-method> <!-- Test1 -->
        <test-method signature="Test2(java.lang.String)[pri:0, instance:TestClass@49c43f4e]" started-at="2020-07-27T16:24:38 AEST" name="Test2" finished-at="2020-07-27T16:25:25 AEST" duration-ms="46242" status="PASS">
          <params>
            <param index="0">
              <value>
                <![CDATA[firefox]]>
              </value>
            </param>
          </params>
          <reporter-output>
          </reporter-output>
        </test-method> <!-- Test2 -->
        <test-method is-config="true" signature="quitDriver()[pri:0, instance:TestClass@49c43f4e]" started-at="2020-07-27T16:25:25 AEST" name="quitDriver" finished-at="2020-07-27T16:25:25 AEST" duration-ms="788" status="PASS">
          <reporter-output>
          </reporter-output>
        </test-method> <!-- quitDriver -->
      </class> <!-- TestClass -->
    </test> <!-- Firefox Test -->
  </suite> <!-- SeleniumGridDocker -->
</testng-results>
